<?xml version="1.0" encoding="UTF-8"?>
<!-- Generated by org.testng.reporters.JUnitReportReporter -->
<testsuite hostname="DESKTOP-I2EEL00" failures="0" tests="1" name="Practice.Demo" time="0.008" errors="0" timestamp="2023-07-12T10:38:13 IST" skipped="0">
  <testcase classname="Practice.Demo" name="a1" time="0.008"/>
  <system-out/>
</testsuite> <!-- Practice.Demo -->
